# JRE version: 7.0_04-b21
# Java VM: Java HotSpot(TM) 64-Bit Server VM (23.0-b21 mixed mode bsd-amd64 compressed oops)
Heap
 PSYoungGen      total 121728K, used 14354K [0x0000000124070000, 0x000000012ea40000, 0x000000012eb10000)
  eden space 70976K, 12% used [0x0000000124070000,0x00000001248ee990,0x00000001285c0000)
  from space 50752K, 11% used [0x000000012b730000,0x000000012bcb5ea0,0x000000012e8c0000)
  to   space 50624K, 0% used [0x00000001285c0000,0x00000001285c0000,0x000000012b730000)
 ParOldGen       total 349568K, used 291381K [0x000000010eb10000, 0x0000000124070000, 0x0000000124070000)
  object space 349568K, 83% used [0x000000010eb10000,0x000000012079d770,0x0000000124070000)
 PSPermGen       total 38336K, used 38244K [0x0000000109910000, 0x000000010be80000, 0x000000010eb10000)
  object space 38336K, 99% used [0x0000000109910000,0x000000010be69248,0x000000010be80000)
GC Heap History (10 events):
Event: 49.121 GC heap before
{Heap before GC invocations=20 (full 0):
 PSYoungGen      total 85568K, used 85533K [0x0000000124070000, 0x000000012e630000, 0x000000012eb10000)
  eden space 58240K, 100% used [0x0000000124070000,0x0000000127950000,0x0000000127950000)
  from space 27328K, 99% used [0x0000000127950000,0x00000001293f7450,0x0000000129400000)
  to   space 54976K, 0% used [0x000000012b080000,0x000000012b080000,0x000000012e630000)
 ParOldGen       total 349568K, used 223594K [0x000000010eb10000, 0x0000000124070000, 0x0000000124070000)
  object space 349568K, 63% used [0x000000010eb10000,0x000000011c56ab08,0x0000000124070000)
 PSPermGen       total 33920K, used 33792K [0x0000000109910000, 0x000000010ba30000, 0x000000010eb10000)
  object space 33920K, 99% used [0x0000000109910000,0x000000010ba10180,0x000000010ba30000)
Event: 49.139 GC heap after
Heap after GC invocations=20 (full 0):
 PSYoungGen      total 114240K, used 6521K [0x0000000124070000, 0x000000012eb10000, 0x000000012eb10000)
  eden space 59264K, 0% used [0x0000000124070000,0x0000000124070000,0x0000000127a50000)
  from space 54976K, 11% used [0x000000012b080000,0x000000012b6de6d8,0x000000012e630000)
  to   space 55488K, 0% used [0x0000000127a50000,0x0000000127a50000,0x000000012b080000)
 ParOldGen       total 349568K, used 241097K [0x000000010eb10000, 0x0000000124070000, 0x0000000124070000)
  object space 349568K, 68% used [0x000000010eb10000,0x000000011d6824e0,0x0000000124070000)
 PSPermGen       total 33920K, used 33792K [0x0000000109910000, 0x000000010ba30000, 0x000000010eb10000)
  object space 33920K, 99% used [0x0000000109910000,0x000000010ba10180,0x000000010ba30000)
}
Event: 74.266 GC heap before
{Heap before GC invocations=21 (full 0):
 PSYoungGen      total 114240K, used 65785K [0x0000000124070000, 0x000000012eb10000, 0x000000012eb10000)
  eden space 59264K, 100% used [0x0000000124070000,0x0000000127a50000,0x0000000127a50000)
  from space 54976K, 11% used [0x000000012b080000,0x000000012b6de6d8,0x000000012e630000)
  to   space 55488K, 0% used [0x0000000127a50000,0x0000000127a50000,0x000000012b080000)
 ParOldGen       total 349568K, used 241097K [0x000000010eb10000, 0x0000000124070000, 0x0000000124070000)
  object space 349568K, 68% used [0x000000010eb10000,0x000000011d6824e0,0x0000000124070000)
 PSPermGen       total 34496K, used 34409K [0x0000000109910000, 0x000000010bac0000, 0x000000010eb10000)
  object space 34496K, 99% used [0x0000000109910000,0x000000010baaa6a0,0x000000010bac0000)
Event: 74.288 GC heap after
Heap after GC invocations=21 (full 0):
 PSYoungGen      total 114752K, used 23405K [0x0000000124070000, 0x000000012e5d0000, 0x000000012eb10000)
  eden space 59264K, 0% used [0x0000000124070000,0x0000000124070000,0x0000000127a50000)
  from space 55488K, 42% used [0x0000000127a50000,0x000000012912b7d0,0x000000012b080000)
  to   space 52544K, 0% used [0x000000012b280000,0x000000012b280000,0x000000012e5d0000)
 ParOldGen       total 349568K, used 244899K [0x000000010eb10000, 0x0000000124070000, 0x0000000124070000)
  object space 349568K, 70% used [0x000000010eb10000,0x000000011da38cd0,0x0000000124070000)
 PSPermGen       total 34496K, used 34409K [0x0000000109910000, 0x000000010bac0000, 0x000000010eb10000)
  object space 34496K, 99% used [0x0000000109910000,0x000000010baaa6a0,0x000000010bac0000)
}
Event: 74.957 GC heap before
{Heap before GC invocations=22 (full 0):
 PSYoungGen      total 114752K, used 82669K [0x0000000124070000, 0x000000012e5d0000, 0x000000012eb10000)
  eden space 59264K, 100% used [0x0000000124070000,0x0000000127a50000,0x0000000127a50000)
  from space 55488K, 42% used [0x0000000127a50000,0x000000012912b7d0,0x000000012b080000)
  to   space 52544K, 0% used [0x000000012b280000,0x000000012b280000,0x000000012e5d0000)
 ParOldGen       total 349568K, used 244899K [0x000000010eb10000, 0x0000000124070000, 0x0000000124070000)
  object space 349568K, 70% used [0x000000010eb10000,0x000000011da38cd0,0x0000000124070000)
 PSPermGen       total 34880K, used 34846K [0x0000000109910000, 0x000000010bb20000, 0x000000010eb10000)
  object space 34880K, 99% used [0x0000000109910000,0x000000010bb179e8,0x000000010bb20000)
Event: 75.030 GC heap after
Heap after GC invocations=22 (full 0):
 PSYoungGen      total 118016K, used 14825K [0x0000000124070000, 0x000000012e5d0000, 0x000000012eb10000)
  eden space 65472K, 0% used [0x0000000124070000,0x0000000124070000,0x0000000128060000)
  from space 52544K, 28% used [0x000000012b280000,0x000000012c0fa648,0x000000012e5d0000)
  to   space 51328K, 0% used [0x0000000128060000,0x0000000128060000,0x000000012b280000)
 ParOldGen       total 349568K, used 267485K [0x000000010eb10000, 0x0000000124070000, 0x0000000124070000)
  object space 349568K, 76% used [0x000000010eb10000,0x000000011f0474b0,0x0000000124070000)
 PSPermGen       total 34880K, used 34846K [0x0000000109910000, 0x000000010bb20000, 0x000000010eb10000)
  object space 34880K, 99% used [0x0000000109910000,0x000000010bb179e8,0x000000010bb20000)
}
Event: 84.985 GC heap before
{Heap before GC invocations=23 (full 0):
 PSYoungGen      total 118016K, used 80297K [0x0000000124070000, 0x000000012e5d0000, 0x000000012eb10000)
  eden space 65472K, 100% used [0x0000000124070000,0x0000000128060000,0x0000000128060000)
  from space 52544K, 28% used [0x000000012b280000,0x000000012c0fa648,0x000000012e5d0000)
  to   space 51328K, 0% used [0x0000000128060000,0x0000000128060000,0x000000012b280000)
 ParOldGen       total 349568K, used 267485K [0x000000010eb10000, 0x0000000124070000, 0x0000000124070000)
  object space 349568K, 76% used [0x000000010eb10000,0x000000011f0474b0,0x0000000124070000)
 PSPermGen       total 36608K, used 36425K [0x0000000109910000, 0x000000010bcd0000, 0x000000010eb10000)
  object space 36608K, 99% used [0x0000000109910000,0x000000010bca2420,0x000000010bcd0000)
Event: 85.024 GC heap after
Heap after GC invocations=23 (full 0):
 PSYoungGen      total 116800K, used 10382K [0x0000000124070000, 0x000000012e8c0000, 0x000000012eb10000)
  eden space 65472K, 0% used [0x0000000124070000,0x0000000124070000,0x0000000128060000)
  from space 51328K, 20% used [0x0000000128060000,0x0000000128a83838,0x000000012b280000)
  to   space 50752K, 0% used [0x000000012b730000,0x000000012b730000,0x000000012e8c0000)
 ParOldGen       total 349568K, used 281865K [0x000000010eb10000, 0x0000000124070000, 0x0000000124070000)
  object space 349568K, 80% used [0x000000010eb10000,0x000000011fe52630,0x0000000124070000)
 PSPermGen       total 36608K, used 36425K [0x0000000109910000, 0x000000010bcd0000, 0x000000010eb10000)
  object space 36608K, 99% used [0x0000000109910000,0x000000010bca2420,0x000000010bcd0000)
}
Event: 104.030 GC heap before
{Heap before GC invocations=24 (full 0):
 PSYoungGen      total 116800K, used 75854K [0x0000000124070000, 0x000000012e8c0000, 0x000000012eb10000)
  eden space 65472K, 100% used [0x0000000124070000,0x0000000128060000,0x0000000128060000)
  from space 51328K, 20% used [0x0000000128060000,0x0000000128a83838,0x000000012b280000)
  to   space 50752K, 0% used [0x000000012b730000,0x000000012b730000,0x000000012e8c0000)
 ParOldGen       total 349568K, used 281865K [0x000000010eb10000, 0x0000000124070000, 0x0000000124070000)
  object space 349568K, 80% used [0x000000010eb10000,0x000000011fe52630,0x0000000124070000)
 PSPermGen       total 38144K, used 38100K [0x0000000109910000, 0x000000010be50000, 0x000000010eb10000)
  object space 38144K, 99% used [0x0000000109910000,0x000000010be45380,0x000000010be50000)
Event: 104.055 GC heap after
Heap after GC invocations=24 (full 0):
 PSYoungGen      total 121728K, used 5655K [0x0000000124070000, 0x000000012ea40000, 0x000000012eb10000)
  eden space 70976K, 0% used [0x0000000124070000,0x0000000124070000,0x00000001285c0000)
  from space 50752K, 11% used [0x000000012b730000,0x000000012bcb5ea0,0x000000012e8c0000)
  to   space 50624K, 0% used [0x00000001285c0000,0x00000001285c0000,0x000000012b730000)
 ParOldGen       total 349568K, used 291381K [0x000000010eb10000, 0x0000000124070000, 0x0000000124070000)
  object space 349568K, 83% used [0x000000010eb10000,0x000000012079d770,0x0000000124070000)
 PSPermGen       total 38144K, used 38100K [0x0000000109910000, 0x000000010be50000, 0x000000010eb10000)
  object space 38144K, 99% used [0x0000000109910000,0x000000010be45380,0x000000010be50000)
}

